
> chargeback-monorepo@1.0.0 build:craftline C:\Users\Admin\Downloads\shopifyapps\final\chargeback
> pnpm --filter maker-queue run build


> maker-queue@ build C:\Users\Admin\Downloads\shopifyapps\final\chargeback\Craftline
> remix vite:build

node.exe : [7m[33m warn [39m[27m Route discovery/manifest behavior is changing in React Router v7
At C:\Users\Admin\AppData\Roaming\npm\pnpm.ps1:24 char:5
+     & "node$exe"  "$basedir/node_modules/pnpm/bin/pnpm.cjs" $args
+     ~~~~~~~~~~~~~~~~~~~~~~~~~~~~~~~~~~~~~~~~~~~~~~~~~~~~~~~~~~~~~
    + CategoryInfo          : NotSpecified: ([7m[33m warn ...React Router v7:String) [], RemoteException
    + FullyQualifiedErrorId : NativeCommandError
 
[33mΓöâ[39m [90mYou can use the `v3_lazyRouteDiscovery` future flag to opt-in early.[39m
[33mΓöâ[39m [90m-> https://remix.run/docs/en/2.13.1/start/future-flags#v3_lazyRouteDiscovery[39m
[33mΓöù[39m
[7m[33m warn [39m[27m Data fetching is changing to a single fetch in React Router v7
[33mΓöâ[39m [90mYou can use the `v3_singleFetch` future flag to opt-in early.[39m
[33mΓöâ[39m [90m-> https://remix.run/docs/en/2.13.1/start/future-flags#v3_singleFetch[39m
[33mΓöù[39m
[36mvite v6.4.1 [32mbuilding for production...[36m[39m
transforming...
[32mΓ£ô[39m 1139 modules transformed.
[31mΓ£ù[39m Build failed in 4.02s
[31m[vite]: Rollup failed to resolve import "@shopify/polaris-icons" from 
"C:/Users/Admin/Downloads/shopifyapps/final/chargeback/Craftline/app/routes/app.stages.jsx".
This is most likely unintended because it can break your application at runtime.
If you do want to externalize this module explicitly add it to
`build.rollupOptions.external`[39m
    at viteLog (file:///C:/Users/Admin/Downloads/shopifyapps/final/chargeback/node_modules/.pnpm/vite@6.4.1_@types+node
@22.19.15_jiti@2.6.1_tsx@4.21.0_yaml@2.8.2/node_modules/vite/dist/node/chunks/dep-D4NMHUTW.js:46374:15)
    at file:///C:/Users/Admin/Downloads/shopifyapps/final/chargeback/node_modules/.pnpm/vite@6.4.1_@types+node@22.19.15
_jiti@2.6.1_tsx@4.21.0_yaml@2.8.2/node_modules/vite/dist/node/chunks/dep-D4NMHUTW.js:46432:18
    at onwarn (C:\Users\Admin\Downloads\shopifyapps\final\chargeback\node_modules\.pnpm\@remix-run+dev@2.17.4_@remix-ru
n+react@2.17.4_react-dom@18.3.1_react@18.3.1__react@18.3.1_typ_uzoizg4fllu2y7jruxsg7fl2da\node_modules\@remix-run\dev\d
ist\vite\plugin.js:630:13)
    at file:///C:/Users/Admin/Downloads/shopifyapps/final/chargeback/node_modules/.pnpm/vite@6.4.1_@types+node@22.19.15
_jiti@2.6.1_tsx@4.21.0_yaml@2.8.2/node_modules/vite/dist/node/chunks/dep-D4NMHUTW.js:46430:7
    at onRollupLog (file:///C:/Users/Admin/Downloads/shopifyapps/final/chargeback/node_modules/.pnpm/vite@6.4.1_@types+
node@22.19.15_jiti@2.6.1_tsx@4.21.0_yaml@2.8.2/node_modules/vite/dist/node/chunks/dep-D4NMHUTW.js:46422:5)
    at onLog (file:///C:/Users/Admin/Downloads/shopifyapps/final/chargeback/node_modules/.pnpm/vite@6.4.1_@types+node@2
2.19.15_jiti@2.6.1_tsx@4.21.0_yaml@2.8.2/node_modules/vite/dist/node/chunks/dep-D4NMHUTW.js:46072:7)
    at file:///C:/Users/Admin/Downloads/shopifyapps/final/chargeback/node_modules/.pnpm/rollup@4.59.0/node_modules/roll
up/dist/es/shared/node-entry.js:20981:32
    at Object.logger [as onLog] (file:///C:/Users/Admin/Downloads/shopifyapps/final/chargeback/node_modules/.pnpm/rollu
p@4.59.0/node_modules/rollup/dist/es/shared/node-entry.js:22968:9)
    at ModuleLoader.handleInvalidResolvedId (file:///C:/Users/Admin/Downloads/shopifyapps/final/chargeback/node_modules
/.pnpm/rollup@4.59.0/node_modules/rollup/dist/es/shared/node-entry.js:21712:26)
    at file:///C:/Users/Admin/Downloads/shopifyapps/final/chargeback/node_modules/.pnpm/rollup@4.59.0/node_modules/roll
up/dist/es/shared/node-entry.js:21670:26 {
  watchFiles: [
    'C:/Users/Admin/Downloads/shopifyapps/final/chargeback/Craftline/app/entry.client.tsx',
    'C:/Users/Admin/Downloads/shopifyapps/final/chargeback/Craftline/app/root.tsx',
    'C:/Users/Admin/Downloads/shopifyapps/final/chargeback/Craftline/app/routes/api.move-order.jsx',
    'C:/Users/Admin/Downloads/shopifyapps/final/chargeback/Craftline/app/routes/app.settings.jsx',
    'C:/Users/Admin/Downloads/shopifyapps/final/chargeback/Craftline/app/routes/app.stages.jsx',
    'C:/Users/Admin/Downloads/shopifyapps/final/chargeback/Craftline/app/routes/webhooks.tsx',
    'C:/Users/Admin/Downloads/shopifyapps/final/chargeback/Craftline/app/routes/_index.jsx',
    'C:\\Users\\Admin\\Downloads\\shopifyapps\\final\\chargeback\\Craftline\\package.json',
    'C:/Users/Admin/Downloads/shopifyapps/final/chargeback/Craftline/app/lib/constants.js',
    'C:/Users/Admin/Downloads/shopifyapps/final/chargeback/Craftline/app/components/OrderCard.jsx',
    'C:/Users/Admin/Downloads/shopifyapps/final/chargeback/node_modules/.pnpm/@remix-run+react@2.17.4_react-dom@18.3.1_
react@18.3.1__react@18.3.1_typescript@5.6.3/node_modules/@remix-run/react/dist/esm/index.js',
    'C:/Users/Admin/Downloads/shopifyapps/final/chargeback/node_modules/.pnpm/react-dom@18.3.1_react@18.3.1/node_module
s/react-dom/client.js',
    'C:/Users/Admin/Downloads/shopifyapps/final/chargeback/node_modules/.pnpm/react@18.3.1/node_modules/react/jsx-runti
me.js',
    
'C:/Users/Admin/Downloads/shopifyapps/final/chargeback/node_modules/.pnpm/react@18.3.1/node_modules/react/index.js',
    'C:/Users/Admin/Downloads/shopifyapps/final/chargeback/node_modules/.pnpm/@remix-run+server-runtime@2.17.4_typescri
pt@5.6.3/node_modules/@remix-run/server-runtime/dist/esm/index.js',
    'C:/Users/Admin/Downloads/shopifyapps/final/chargeback/node_modules/.pnpm/react-router-dom@6.30.3_react-dom@18.3.1_
react@18.3.1__react@18.3.1/node_modules/react-router-dom/dist/index.js',
    'C:/Users/Admin/Downloads/shopifyapps/final/chargeback/node_modules/.pnpm/@remix-run+react@2.17.4_react-dom@18.3.1_
react@18.3.1__react@18.3.1_typescript@5.6.3/node_modules/@remix-run/react/dist/esm/components.js',
    'C:/Users/Admin/Downloads/shopifyapps/final/chargeback/node_modules/.pnpm/@remix-run+react@2.17.4_react-dom@18.3.1_
react@18.3.1__react@18.3.1_typescript@5.6.3/node_modules/@remix-run/react/dist/esm/scroll-restoration.js',
    'C:/Users/Admin/Downloads/shopifyapps/final/chargeback/node_modules/.pnpm/@remix-run+react@2.17.4_react-dom@18.3.1_
react@18.3.1__react@18.3.1_typescript@5.6.3/node_modules/@remix-run/react/dist/esm/browser.js',
    'C:/Users/Admin/Downloads/shopifyapps/final/chargeback/node_modules/.pnpm/@remix-run+react@2.17.4_react-dom@18.3.1_
react@18.3.1__react@18.3.1_typescript@5.6.3/node_modules/@remix-run/react/dist/esm/server.js',
    'C:/Users/Admin/Downloads/shopifyapps/final/chargeback/node_modules/.pnpm/react-dom@18.3.1_react@18.3.1/node_module
s/react-dom/index.js',
    'C:/Users/Admin/Downloads/shopifyapps/final/chargeback/node_modules/.pnpm/react@18.3.1/node_modules/react/cjs/react
.production.min.js',
    'C:/Users/Admin/Downloads/shopifyapps/final/chargeback/node_modules/.pnpm/react@18.3.1/node_modules/react/cjs/react
-jsx-runtime.production.min.js',
    'C:/Users/Admin/Downloads/shopifyapps/final/chargeback/node_modules/.pnpm/@shopify+polaris@13.9.5_react-dom@18.3.1_
react@18.3.1__react@18.3.1/node_modules/@shopify/polaris/build/esm/index.js',
    'C:/Users/Admin/Downloads/shopifyapps/final/chargeback/node_modules/.pnpm/@remix-run+server-runtime@2.17.4_typescri
pt@5.6.3/node_modules/@remix-run/server-runtime/dist/esm/cookies.js',
    'C:/Users/Admin/Downloads/shopifyapps/final/chargeback/node_modules/.pnpm/@remix-run+server-runtime@2.17.4_typescri
pt@5.6.3/node_modules/@remix-run/server-runtime/dist/esm/formData.js',
    'C:/Users/Admin/Downloads/shopifyapps/final/chargeback/node_modules/.pnpm/@remix-run+server-runtime@2.17.4_typescri
pt@5.6.3/node_modules/@remix-run/server-runtime/dist/esm/responses.js',
    'C:/Users/Admin/Downloads/shopifyapps/final/chargeback/node_modules/.pnpm/@remix-run+server-runtime@2.17.4_typescri
pt@5.6.3/node_modules/@remix-run/server-runtime/dist/esm/single-fetch.js',
    'C:/Users/Admin/Downloads/shopifyapps/final/chargeback/node_modules/.pnpm/@remix-run+server-runtime@2.17.4_typescri
pt@5.6.3/node_modules/@remix-run/server-runtime/dist/esm/server.js',
    'C:/Users/Admin/Downloads/shopifyapps/final/chargeback/node_modules/.pnpm/@remix-run+server-runtime@2.17.4_typescri
pt@5.6.3/node_modules/@remix-run/server-runtime/dist/esm/sessions.js',
    'C:/Users/Admin/Downloads/shopifyapps/final/chargeback/node_modules/.pnpm/@remix-run+server-runtime@2.17.4_typescri
pt@5.6.3/node_modules/@remix-run/server-runtime/dist/esm/sessions/cookieStorage.js',
    'C:/Users/Admin/Downloads/shopifyapps/final/chargeback/node_modules/.pnpm/@remix-run+server-runtime@2.17.4_typescri
pt@5.6.3/node_modules/@remix-run/server-runtime/dist/esm/sessions/memoryStorage.js',
    'C:/Users/Admin/Downloads/shopifyapps/final/chargeback/node_modules/.pnpm/@remix-run+server-runtime@2.17.4_typescri
pt@5.6.3/node_modules/@remix-run/server-runtime/dist/esm/upload/memoryUploadHandler.js',
    'C:/Users/Admin/Downloads/shopifyapps/final/chargeback/node_modules/.pnpm/@remix-run+server-runtime@2.17.4_typescri
pt@5.6.3/node_modules/@remix-run/server-runtime/dist/esm/upload/errors.js',
    'C:/Users/Admin/Downloads/shopifyapps/final/chargeback/node_modules/.pnpm/@remix-run+server-runtime@2.17.4_typescri
pt@5.6.3/node_modules/@remix-run/server-runtime/dist/esm/dev.js',
    'C:/Users/Admin/Downloads/shopifyapps/final/chargeback/node_modules/.pnpm/@remix-run+react@2.17.4_react-dom@18.3.1_
react@18.3.1__react@18.3.1_typescript@5.6.3/node_modules/@remix-run/react/dist/esm/_virtual/_rollupPluginBabelHelpers.j
s',
    'C:/Users/Admin/Downloads/shopifyapps/final/chargeback/node_modules/.pnpm/@remix-run+react@2.17.4_react-dom@18.3.1_
react@18.3.1__react@18.3.1_typescript@5.6.3/node_modules/@remix-run/react/dist/esm/markup.js',
    'C:/Users/Admin/Downloads/shopifyapps/final/chargeback/node_modules/.pnpm/@remix-run+react@2.17.4_react-dom@18.3.1_
react@18.3.1__react@18.3.1_typescript@5.6.3/node_modules/@remix-run/react/dist/esm/routes.js',
    'C:/Users/Admin/Downloads/shopifyapps/final/chargeback/node_modules/.pnpm/@remix-run+react@2.17.4_react-dom@18.3.1_
react@18.3.1__react@18.3.1_typescript@5.6.3/node_modules/@remix-run/react/dist/esm/errorBoundaries.js',
    'C:/Users/Admin/Downloads/shopifyapps/final/chargeback/node_modules/.pnpm/@remix-run+react@2.17.4_react-dom@18.3.1_
react@18.3.1__react@18.3.1_typescript@5.6.3/node_modules/@remix-run/react/dist/esm/single-fetch.js',
    'C:/Users/Admin/Downloads/shopifyapps/final/chargeback/node_modules/.pnpm/react-router-dom@6.30.3_react-dom@18.3.1_
react@18.3.1__react@18.3.1/node_modules/react-router-dom/server.mjs',
    'C:/Users/Admin/Downloads/shopifyapps/final/chargeback/node_modules/.pnpm/@remix-run+react@2.17.4_react-dom@18.3.1_
react@18.3.1__react@18.3.1_typescript@5.6.3/node_modules/@remix-run/react/dist/esm/errors.js',
    'C:/Users/Admin/Downloads/shopifyapps/final/chargeback/node_modules/.pnpm/react-router@6.30.3_react@18.3.1/node_mod
ules/react-router/dist/index.js',
    'C:/Users/Admin/Downloads/shopifyapps/final/chargeback/node_modules/.pnpm/@remix-run+react@2.17.4_react-dom@18.3.1_
react@18.3.1__react@18.3.1_typescript@5.6.3/node_modules/@remix-run/react/dist/esm/fog-of-war.js',
    'C:/Users/Admin/Downloads/shopifyapps/final/chargeback/node_modules/.pnpm/@remix-run+router@1.23.2/node_modules/@re
mix-run/router/dist/router.js',
    'C:/Users/Admin/Downloads/shopifyapps/final/chargeback/node_modules/.pnpm/@remix-run+react@2.17.4_react-dom@18.3.1_
react@18.3.1__react@18.3.1_typescript@5.6.3/node_modules/@remix-run/react/dist/esm/invariant.js',
    'C:/Users/Admin/Downloads/shopifyapps/final/chargeback/node_modules/.pnpm/@remix-run+react@2.17.4_react-dom@18.3.1_
react@18.3.1__react@18.3.1_typescript@5.6.3/node_modules/@remix-run/react/dist/esm/links.js',
    'C:/Users/Admin/Downloads/shopifyapps/final/chargeback/node_modules/.pnpm/react-dom@18.3.1_react@18.3.1/node_module
s/react-dom/cjs/react-dom.production.min.js',
    'C:/Users/Admin/Downloads/shopifyapps/final/chargeback/node_modules/.pnpm/@shopify+polaris@13.9.5_react-dom@18.3.1_
react@18.3.1__react@18.3.1/node_modules/@shopify/polaris/build/esm/components/shared.js',
    'C:/Users/Admin/Downloads/shopifyapps/final/chargeback/node_modules/.pnpm/@shopify+polaris@13.9.5_react-dom@18.3.1_
react@18.3.1__react@18.3.1/node_modules/@shopify/polaris/build/esm/configure.js',
    'C:/Users/Admin/Downloads/shopifyapps/final/chargeback/node_modules/.pnpm/@shopify+polaris@13.9.5_react-dom@18.3.1_
react@18.3.1__react@18.3.1/node_modules/@shopify/polaris/build/esm/types.js',
    'C:/Users/Admin/Downloads/shopifyapps/final/chargeback/node_modules/.pnpm/@shopify+polaris@13.9.5_react-dom@18.3.1_
react@18.3.1__react@18.3.1/node_modules/@shopify/polaris/build/esm/components/ThemeProvider/ThemeProvider.js',
    'C:/Users/Admin/Downloads/shopifyapps/final/chargeback/node_modules/.pnpm/@shopify+polaris@13.9.5_react-dom@18.3.1_
react@18.3.1__react@18.3.1/node_modules/@shopify/polaris/build/esm/utilities/within-content-context.js',
    'C:/Users/Admin/Downloads/shopifyapps/final/chargeback/node_modules/.pnpm/@shopify+polaris@13.9.5_react-dom@18.3.1_
react@18.3.1__react@18.3.1/node_modules/@shopify/polaris/build/esm/utilities/use-copy-to-clipboard.js',
    'C:/Users/Admin/Downloads/shopifyapps/final/chargeback/node_modules/.pnpm/@shopify+polaris@13.9.5_react-dom@18.3.1_
react@18.3.1__react@18.3.1/node_modules/@shopify/polaris/build/esm/utilities/color-transformers.js',
    'C:/Users/Admin/Downloads/shopifyapps/final/chargeback/node_modules/.pnpm/@shopify+polaris@13.9.5_react-dom@18.3.1_
react@18.3.1__react@18.3.1/node_modules/@shopify/polaris/build/esm/utilities/use-event-listener.js',
    'C:/Users/Admin/Downloads/shopifyapps/final/chargeback/node_modules/.pnpm/@shopify+polaris@13.9.5_react-dom@18.3.1_
react@18.3.1__react@18.3.1/node_modules/@shopify/polaris/build/esm/utilities/use-focus.js',
    'C:/Users/Admin/Downloads/shopifyapps/final/chargeback/node_modules/.pnpm/@shopify+polaris@13.9.5_react-dom@18.3.1_
react@18.3.1__react@18.3.1/node_modules/@shopify/polaris/build/esm/utilities/use-hover.js',
    'C:/Users/Admin/Downloads/shopifyapps/final/chargeback/node_modules/.pnpm/@shopify+polaris@13.9.5_react-dom@18.3.1_
react@18.3.1__react@18.3.1/node_modules/@shopify/polaris/build/esm/utilities/use-media-query.js',
    'C:/Users/Admin/Downloads/shopifyapps/final/chargeback/node_modules/.pnpm/@shopify+polaris@13.9.5_react-dom@18.3.1_
react@18.3.1__react@18.3.1/node_modules/@shopify/polaris/build/esm/utilities/use-theme.js',
    'C:/Users/Admin/Downloads/shopifyapps/final/chargeback/node_modules/.pnpm/@shopify+polaris@13.9.5_react-dom@18.3.1_
react@18.3.1__react@18.3.1/node_modules/@shopify/polaris/build/esm/utilities/use-index-resource-state.js',
    'C:/Users/Admin/Downloads/shopifyapps/final/chargeback/node_modules/.pnpm/@shopify+polaris@13.9.5_react-dom@18.3.1_
react@18.3.1__react@18.3.1/node_modules/@shopify/polaris/build/esm/utilities/breakpoints.js',
    'C:/Users/Admin/Downloads/shopifyapps/final/chargeback/node_modules/.pnpm/@shopify+polaris@13.9.5_react-dom@18.3.1_
react@18.3.1__react@18.3.1/node_modules/@shopify/polaris/build/esm/components/AppProvider/AppProvider.js',
    'C:/Users/Admin/Downloads/shopifyapps/final/chargeback/node_modules/.pnpm/@shopify+polaris@13.9.5_react-dom@18.3.1_
react@18.3.1__react@18.3.1/node_modules/@shopify/polaris/build/esm/components/AccountConnection/AccountConnection.js',
    'C:/Users/Admin/Downloads/shopifyapps/final/chargeback/node_modules/.pnpm/@shopify+polaris@13.9.5_react-dom@18.3.1_
react@18.3.1__react@18.3.1/node_modules/@shopify/polaris/build/esm/components/ActionList/ActionList.js',
    'C:/Users/Admin/Downloads/shopifyapps/final/chargeback/node_modules/.pnpm/@shopify+polaris@13.9.5_react-dom@18.3.1_
react@18.3.1__react@18.3.1/node_modules/@shopify/polaris/build/esm/components/ActionMenu/ActionMenu.js',
    'C:/Users/Admin/Downloads/shopifyapps/final/chargeback/node_modules/.pnpm/@shopify+polaris@13.9.5_react-dom@18.3.1_
react@18.3.1__react@18.3.1/node_modules/@shopify/polaris/build/esm/components/Autocomplete/Autocomplete.js',
    'C:/Users/Admin/Downloads/shopifyapps/final/chargeback/node_modules/.pnpm/@shopify+polaris@13.9.5_react-dom@18.3.1_
react@18.3.1__react@18.3.1/node_modules/@shopify/polaris/build/esm/components/Avatar/Avatar.js',
    'C:/Users/Admin/Downloads/shopifyapps/final/chargeback/node_modules/.pnpm/@shopify+polaris@13.9.5_react-dom@18.3.1_
react@18.3.1__react@18.3.1/node_modules/@shopify/polaris/build/esm/components/Backdrop/Backdrop.js',
    'C:/Users/Admin/Downloads/shopifyapps/final/chargeback/node_modules/.pnpm/@shopify+polaris@13.9.5_react-dom@18.3.1_
react@18.3.1__react@18.3.1/node_modules/@shopify/polaris/build/esm/components/Badge/Badge.js',
    'C:/Users/Admin/Downloads/shopifyapps/final/chargeback/node_modules/.pnpm/@shopify+polaris@13.9.5_react-dom@18.3.1_
react@18.3.1__react@18.3.1/node_modules/@shopify/polaris/build/esm/components/Badge/types.js',
    'C:/Users/Admin/Downloads/shopifyapps/final/chargeback/node_modules/.pnpm/@shopify+polaris@13.9.5_react-dom@18.3.1_
react@18.3.1__react@18.3.1/node_modules/@shopify/polaris/build/esm/components/Banner/Banner.js',
    'C:/Users/Admin/Downloads/shopifyapps/final/chargeback/node_modules/.pnpm/@shopify+polaris@13.9.5_react-dom@18.3.1_
react@18.3.1__react@18.3.1/node_modules/@shopify/polaris/build/esm/components/Bleed/Bleed.js',
    'C:/Users/Admin/Downloads/shopifyapps/final/chargeback/node_modules/.pnpm/@shopify+polaris@13.9.5_react-dom@18.3.1_
react@18.3.1__react@18.3.1/node_modules/@shopify/polaris/build/esm/components/Box/Box.js',
    'C:/Users/Admin/Downloads/shopifyapps/final/chargeback/node_modules/.pnpm/@shopify+polaris@13.9.5_react-dom@18.3.1_
react@18.3.1__react@18.3.1/node_modules/@shopify/polaris/build/esm/components/Breadcrumbs/Breadcrumbs.js',
    'C:/Users/Admin/Downloads/shopifyapps/final/chargeback/node_modules/.pnpm/@shopify+polaris@13.9.5_react-dom@18.3.1_
react@18.3.1__react@18.3.1/node_modules/@shopify/polaris/build/esm/components/BulkActions/BulkActions.js',
    'C:/Users/Admin/Downloads/shopifyapps/final/chargeback/node_modules/.pnpm/@shopify+polaris@13.9.5_react-dom@18.3.1_
react@18.3.1__react@18.3.1/node_modules/@shopify/polaris/build/esm/components/Button/Button.js',
    'C:/Users/Admin/Downloads/shopifyapps/final/chargeback/node_modules/.pnpm/@shopify+polaris@13.9.5_react-dom@18.3.1_
react@18.3.1__react@18.3.1/node_modules/@shopify/polaris/build/esm/components/Button/utils.js',
    'C:/Users/Admin/Downloads/shopifyapps/final/chargeback/node_modules/.pnpm/@shopify+polaris@13.9.5_react-dom@18.3.1_
react@18.3.1__react@18.3.1/node_modules/@shopify/polaris/build/esm/components/ButtonGroup/ButtonGroup.js',
    'C:/Users/Admin/Downloads/shopifyapps/final/chargeback/node_modules/.pnpm/@shopify+polaris@13.9.5_react-dom@18.3.1_
react@18.3.1__react@18.3.1/node_modules/@shopify/polaris/build/esm/components/CalloutCard/CalloutCard.js',
    'C:/Users/Admin/Downloads/shopifyapps/final/chargeback/node_modules/.pnpm/@shopify+polaris@13.9.5_react-dom@18.3.1_
react@18.3.1__react@18.3.1/node_modules/@shopify/polaris/build/esm/components/Card/Card.js',
    'C:/Users/Admin/Downloads/shopifyapps/final/chargeback/node_modules/.pnpm/@shopify+polaris@13.9.5_react-dom@18.3.1_
react@18.3.1__react@18.3.1/node_modules/@shopify/polaris/build/esm/components/Checkbox/Checkbox.js',
    'C:/Users/Admin/Downloads/shopifyapps/final/chargeback/node_modules/.pnpm/@shopify+polaris@13.9.5_react-dom@18.3.1_
react@18.3.1__react@18.3.1/node_modules/@shopify/polaris/build/esm/components/ChoiceList/ChoiceList.js',
    'C:/Users/Admin/Downloads/shopifyapps/final/chargeback/node_modules/.pnpm/@shopify+polaris@13.9.5_react-dom@18.3.1_
react@18.3.1__react@18.3.1/node_modules/@shopify/polaris/build/esm/components/Collapsible/Collapsible.js',
    'C:/Users/Admin/Downloads/shopifyapps/final/chargeback/node_modules/.pnpm/@shopify+polaris@13.9.5_react-dom@18.3.1_
react@18.3.1__react@18.3.1/node_modules/@shopify/polaris/build/esm/components/ColorPicker/ColorPicker.js',
    'C:/Users/Admin/Downloads/shopifyapps/final/chargeback/node_modules/.pnpm/@shopify+polaris@13.9.5_react-dom@18.3.1_
react@18.3.1__react@18.3.1/node_modules/@shopify/polaris/build/esm/components/InlineGrid/InlineGrid.js',
    'C:/Users/Admin/Downloads/shopifyapps/final/chargeback/node_modules/.pnpm/@shopify+polaris@13.9.5_react-dom@18.3.1_
react@18.3.1__react@18.3.1/node_modules/@shopify/polaris/build/esm/components/Combobox/Combobox.js',
    'C:/Users/Admin/Downloads/shopifyapps/final/chargeback/node_modules/.pnpm/@shopify+polaris@13.9.5_react-dom@18.3.1_
react@18.3.1__react@18.3.1/node_modules/@shopify/polaris/build/esm/components/Connected/Connected.js',
    'C:/Users/Admin/Downloads/shopifyapps/final/chargeback/node_modules/.pnpm/@shopify+polaris@13.9.5_react-dom@18.3.1_
react@18.3.1__react@18.3.1/node_modules/@shopify/polaris/build/esm/components/ContextualSaveBar/ContextualSaveBar.js',
    'C:/Users/Admin/Downloads/shopifyapps/final/chargeback/node_modules/.pnpm/@shopify+polaris@13.9.5_react-dom@18.3.1_
react@18.3.1__react@18.3.1/node_modules/@shopify/polaris/build/esm/components/DataTable/DataTable.js',
    'C:/Users/Admin/Downloads/shopifyapps/final/chargeback/node_modules/.pnpm/@shopify+polaris@13.9.5_react-dom@18.3.1_
react@18.3.1__react@18.3.1/node_modules/@shopify/polaris/build/esm/components/DatePicker/DatePicker.js',
    'C:/Users/Admin/Downloads/shopifyapps/final/chargeback/node_modules/.pnpm/@shopify+polaris@13.9.5_react-dom@18.3.1_
react@18.3.1__react@18.3.1/node_modules/@shopify/polaris/build/esm/components/DescriptionList/DescriptionList.js',
    'C:/Users/Admin/Downloads/shopifyapps/final/chargeback/node_modules/.pnpm/@shopify+polaris@13.9.5_react-dom@18.3.1_
react@18.3.1__react@18.3.1/node_modules/@shopify/polaris/build/esm/components/Divider/Divider.js',
    'C:/Users/Admin/Downloads/shopifyapps/final/chargeback/node_modules/.pnpm/@shopify+polaris@13.9.5_react-dom@18.3.1_
react@18.3.1__react@18.3.1/node_modules/@shopify/polaris/build/esm/components/DropZone/DropZone.js',
    'C:/Users/Admin/Downloads/shopifyapps/final/chargeback/node_modules/.pnpm/@shopify+polaris@13.9.5_react-dom@18.3.1_
react@18.3.1__react@18.3.1/node_modules/@shopify/polaris/build/esm/components/EmptySearchResult/EmptySearchResult.js',
    'C:/Users/Admin/Downloads/shopifyapps/final/chargeback/node_modules/.pnpm/@shopify+polaris@13.9.5_react-dom@18.3.1_
react@18.3.1__react@18.3.1/node_modules/@shopify/polaris/build/esm/components/EmptyState/EmptyState.js',
    'C:/Users/Admin/Downloads/shopifyapps/final/chargeback/node_modules/.pnpm/@shopify+polaris@13.9.5_react-dom@18.3.1_
react@18.3.1__react@18.3.1/node_modules/@shopify/polaris/build/esm/components/EventListener/EventListener.js',
    'C:/Users/Admin/Downloads/shopifyapps/final/chargeback/node_modules/.pnpm/@shopify+polaris@13.9.5_react-dom@18.3.1_
react@18.3.1__react@18.3.1/node_modules/@shopify/polaris/build/esm/components/ExceptionList/ExceptionList.js',
    'C:/Users/Admin/Downloads/shopifyapps/final/chargeback/node_modules/.pnpm/@shopify+polaris@13.9.5_react-dom@18.3.1_
react@18.3.1__react@18.3.1/node_modules/@shopify/polaris/build/esm/components/Filters/Filters.js',
    'C:/Users/Admin/Downloads/shopifyapps/final/chargeback/node_modules/.pnpm/@shopify+polaris@13.9.5_react-dom@18.3.1_
react@18.3.1__react@18.3.1/node_modules/@shopify/polaris/build/esm/components/Form/Form.js',
    ... 1016 more items
  ]
}
C:\Users\Admin\Downloads\shopifyapps\final\chargeback\Craftline:
ΓÇëERR_PNPM_RECURSIVE_RUN_FIRST_FAILΓÇë maker-queue@ build: `remix vite:build`
Exit status 1
ΓÇëELIFECYCLEΓÇë Command failed with exit code 1.
